<?xml version="1.0" encoding="UTF-8"?>
<testsuite xmlns:xsi="http://www.w3.org/2001/XMLSchema-instance" xsi:noNamespaceSchemaLocation="https://maven.apache.org/surefire/maven-surefire-plugin/xsd/surefire-test-report-3.0.xsd" version="3.0" name="TestSuite" time="158.933" tests="8" errors="0" skipped="0" failures="1">
  <properties>
    <property name="java.specification.version" value="15"/>
    <property name="webdriver.chrome.driver" value="drivers//chromedriver.exe"/>
    <property name="sun.cpu.isalist" value="amd64"/>
    <property name="sun.jnu.encoding" value="Cp1250"/>
    <property name="java.class.path" value="C:\Users\Mati\Desktop\GitLab\Raghaav\TestAutomationPracticeCucumber\target\test-classes;C:\Users\Mati\Desktop\GitLab\Raghaav\TestAutomationPracticeCucumber\target\classes;C:\Users\Mati\.m2\repository\org\testng\testng\7.3.0\testng-7.3.0.jar;C:\Users\Mati\.m2\repository\com\beust\jcommander\1.78\jcommander-1.78.jar;C:\Users\Mati\.m2\repository\org\apache\ant\ant\1.10.3\ant-1.10.3.jar;C:\Users\Mati\.m2\repository\org\apache\ant\ant-launcher\1.10.3\ant-launcher-1.10.3.jar;C:\Users\Mati\.m2\repository\junit\junit\4.12\junit-4.12.jar;C:\Users\Mati\.m2\repository\org\hamcrest\hamcrest-core\1.3\hamcrest-core-1.3.jar;C:\Users\Mati\.m2\repository\com\google\inject\guice\4.2.2\guice-4.2.2-no_aop.jar;C:\Users\Mati\.m2\repository\javax\inject\javax.inject\1\javax.inject-1.jar;C:\Users\Mati\.m2\repository\aopalliance\aopalliance\1.0\aopalliance-1.0.jar;C:\Users\Mati\.m2\repository\org\yaml\snakeyaml\1.21\snakeyaml-1.21.jar;C:\Users\Mati\.m2\repository\io\cucumber\cucumber-java\6.10.3\cucumber-java-6.10.3.jar;C:\Users\Mati\.m2\repository\io\cucumber\cucumber-core\6.10.3\cucumber-core-6.10.3.jar;C:\Users\Mati\.m2\repository\io\cucumber\cucumber-gherkin\6.10.3\cucumber-gherkin-6.10.3.jar;C:\Users\Mati\.m2\repository\io\cucumber\cucumber-gherkin-messages\6.10.3\cucumber-gherkin-messages-6.10.3.jar;C:\Users\Mati\.m2\repository\io\cucumber\messages\15.0.0\messages-15.0.0.jar;C:\Users\Mati\.m2\repository\io\cucumber\tag-expressions\3.0.1\tag-expressions-3.0.1.jar;C:\Users\Mati\.m2\repository\io\cucumber\cucumber-expressions\10.3.0\cucumber-expressions-10.3.0.jar;C:\Users\Mati\.m2\repository\io\cucumber\datatable\3.5.0\datatable-3.5.0.jar;C:\Users\Mati\.m2\repository\io\cucumber\cucumber-plugin\6.10.3\cucumber-plugin-6.10.3.jar;C:\Users\Mati\.m2\repository\io\cucumber\docstring\6.10.3\docstring-6.10.3.jar;C:\Users\Mati\.m2\repository\io\cucumber\html-formatter\13.0.0\html-formatter-13.0.0.jar;C:\Users\Mati\.m2\repository\io\cucumber\create-meta\4.0.0\create-meta-4.0.0.jar;C:\Users\Mati\.m2\repository\org\apiguardian\apiguardian-api\1.1.1\apiguardian-api-1.1.1.jar;C:\Users\Mati\.m2\repository\io\cucumber\cucumber-testng\6.10.3\cucumber-testng-6.10.3.jar;C:\Users\Mati\.m2\repository\org\slf4j\slf4j-nop\2.0.0-alpha1\slf4j-nop-2.0.0-alpha1.jar;C:\Users\Mati\.m2\repository\org\slf4j\slf4j-api\2.0.0-alpha1\slf4j-api-2.0.0-alpha1.jar;C:\Users\Mati\.m2\repository\org\seleniumhq\selenium\selenium-java\4.0.0-beta-2\selenium-java-4.0.0-beta-2.jar;C:\Users\Mati\.m2\repository\org\seleniumhq\selenium\selenium-api\4.0.0-beta-2\selenium-api-4.0.0-beta-2.jar;C:\Users\Mati\.m2\repository\org\seleniumhq\selenium\selenium-chrome-driver\4.0.0-beta-2\selenium-chrome-driver-4.0.0-beta-2.jar;C:\Users\Mati\.m2\repository\com\google\auto\service\auto-service-annotations\1.0-rc7\auto-service-annotations-1.0-rc7.jar;C:\Users\Mati\.m2\repository\com\google\auto\service\auto-service\1.0-rc7\auto-service-1.0-rc7.jar;C:\Users\Mati\.m2\repository\com\google\auto\auto-common\0.10\auto-common-0.10.jar;C:\Users\Mati\.m2\repository\org\seleniumhq\selenium\selenium-chromium-driver\4.0.0-beta-2\selenium-chromium-driver-4.0.0-beta-2.jar;C:\Users\Mati\.m2\repository\org\seleniumhq\selenium\selenium-devtools\4.0.0-beta-2\selenium-devtools-4.0.0-beta-2.jar;C:\Users\Mati\.m2\repository\org\seleniumhq\selenium\selenium-http\4.0.0-beta-2\selenium-http-4.0.0-beta-2.jar;C:\Users\Mati\.m2\repository\org\seleniumhq\selenium\selenium-json\4.0.0-beta-2\selenium-json-4.0.0-beta-2.jar;C:\Users\Mati\.m2\repository\org\seleniumhq\selenium\selenium-devtools-v85\4.0.0-beta-2\selenium-devtools-v85-4.0.0-beta-2.jar;C:\Users\Mati\.m2\repository\org\seleniumhq\selenium\selenium-devtools-v86\4.0.0-beta-2\selenium-devtools-v86-4.0.0-beta-2.jar;C:\Users\Mati\.m2\repository\org\seleniumhq\selenium\selenium-devtools-v87\4.0.0-beta-2\selenium-devtools-v87-4.0.0-beta-2.jar;C:\Users\Mati\.m2\repository\org\seleniumhq\selenium\selenium-devtools-v88\4.0.0-beta-2\selenium-devtools-v88-4.0.0-beta-2.jar;C:\Users\Mati\.m2\repository\org\seleniumhq\selenium\selenium-devtools-v89\4.0.0-beta-2\selenium-devtools-v89-4.0.0-beta-2.jar;C:\Users\Mati\.m2\repository\org\seleniumhq\selenium\selenium-edge-driver\4.0.0-beta-2\selenium-edge-driver-4.0.0-beta-2.jar;C:\Users\Mati\.m2\repository\org\seleniumhq\selenium\selenium-firefox-driver\4.0.0-beta-2\selenium-firefox-driver-4.0.0-beta-2.jar;C:\Users\Mati\.m2\repository\org\seleniumhq\selenium\selenium-firefox-xpi-driver\4.0.0-beta-2\selenium-firefox-xpi-driver-4.0.0-beta-2.jar;C:\Users\Mati\.m2\repository\org\seleniumhq\selenium\selenium-ie-driver\4.0.0-beta-2\selenium-ie-driver-4.0.0-beta-2.jar;C:\Users\Mati\.m2\repository\org\seleniumhq\selenium\selenium-opera-driver\4.0.0-beta-2\selenium-opera-driver-4.0.0-beta-2.jar;C:\Users\Mati\.m2\repository\org\seleniumhq\selenium\selenium-remote-driver\4.0.0-beta-2\selenium-remote-driver-4.0.0-beta-2.jar;C:\Users\Mati\.m2\repository\io\netty\netty-buffer\4.1.58.Final\netty-buffer-4.1.58.Final.jar;C:\Users\Mati\.m2\repository\io\netty\netty-codec-http\4.1.58.Final\netty-codec-http-4.1.58.Final.jar;C:\Users\Mati\.m2\repository\io\netty\netty-codec\4.1.58.Final\netty-codec-4.1.58.Final.jar;C:\Users\Mati\.m2\repository\io\netty\netty-handler\4.1.58.Final\netty-handler-4.1.58.Final.jar;C:\Users\Mati\.m2\repository\io\netty\netty-common\4.1.58.Final\netty-common-4.1.58.Final.jar;C:\Users\Mati\.m2\repository\io\netty\netty-transport-native-epoll\4.1.58.Final\netty-transport-native-epoll-4.1.58.Final.jar;C:\Users\Mati\.m2\repository\io\netty\netty-transport-native-kqueue\4.1.58.Final\netty-transport-native-kqueue-4.1.58.Final.jar;C:\Users\Mati\.m2\repository\io\netty\netty-transport-native-unix-common\4.1.58.Final\netty-transport-native-unix-common-4.1.58.Final.jar;C:\Users\Mati\.m2\repository\io\netty\netty-transport\4.1.58.Final\netty-transport-4.1.58.Final.jar;C:\Users\Mati\.m2\repository\io\netty\netty-resolver\4.1.58.Final\netty-resolver-4.1.58.Final.jar;C:\Users\Mati\.m2\repository\io\opentelemetry\opentelemetry-api\1.0.0\opentelemetry-api-1.0.0.jar;C:\Users\Mati\.m2\repository\io\opentelemetry\opentelemetry-context\1.0.0\opentelemetry-context-1.0.0.jar;C:\Users\Mati\.m2\repository\io\opentelemetry\opentelemetry-exporter-logging\1.0.0\opentelemetry-exporter-logging-1.0.0.jar;C:\Users\Mati\.m2\repository\io\opentelemetry\opentelemetry-sdk-metrics\1.0.0-alpha\opentelemetry-sdk-metrics-1.0.0-alpha.jar;C:\Users\Mati\.m2\repository\io\opentelemetry\opentelemetry-sdk-common\1.0.0\opentelemetry-sdk-common-1.0.0.jar;C:\Users\Mati\.m2\repository\io\opentelemetry\opentelemetry-sdk-extension-autoconfigure\1.0.0-alpha\opentelemetry-sdk-extension-autoconfigure-1.0.0-alpha.jar;C:\Users\Mati\.m2\repository\io\opentelemetry\opentelemetry-sdk-trace\1.0.0\opentelemetry-sdk-trace-1.0.0.jar;C:\Users\Mati\.m2\repository\io\opentelemetry\opentelemetry-api-metrics\1.0.0-alpha\opentelemetry-api-metrics-1.0.0-alpha.jar;C:\Users\Mati\.m2\repository\io\opentelemetry\opentelemetry-sdk\1.0.0\opentelemetry-sdk-1.0.0.jar;C:\Users\Mati\.m2\repository\io\opentelemetry\opentelemetry-semconv\1.0.0-alpha\opentelemetry-semconv-1.0.0-alpha.jar;C:\Users\Mati\.m2\repository\net\bytebuddy\byte-buddy\1.10.19\byte-buddy-1.10.19.jar;C:\Users\Mati\.m2\repository\org\apache\commons\commons-exec\1.3\commons-exec-1.3.jar;C:\Users\Mati\.m2\repository\org\asynchttpclient\async-http-client\2.12.2\async-http-client-2.12.2.jar;C:\Users\Mati\.m2\repository\org\asynchttpclient\async-http-client-netty-utils\2.12.2\async-http-client-netty-utils-2.12.2.jar;C:\Users\Mati\.m2\repository\io\netty\netty-codec-socks\4.1.53.Final\netty-codec-socks-4.1.53.Final.jar;C:\Users\Mati\.m2\repository\io\netty\netty-handler-proxy\4.1.53.Final\netty-handler-proxy-4.1.53.Final.jar;C:\Users\Mati\.m2\repository\io\netty\netty-transport-native-epoll\4.1.53.Final\netty-transport-native-epoll-4.1.53.Final-linux-x86_64.jar;C:\Users\Mati\.m2\repository\io\netty\netty-transport-native-kqueue\4.1.53.Final\netty-transport-native-kqueue-4.1.53.Final-osx-x86_64.jar;C:\Users\Mati\.m2\repository\org\reactivestreams\reactive-streams\1.0.3\reactive-streams-1.0.3.jar;C:\Users\Mati\.m2\repository\com\typesafe\netty\netty-reactive-streams\2.0.4\netty-reactive-streams-2.0.4.jar;C:\Users\Mati\.m2\repository\com\sun\activation\jakarta.activation\1.2.2\jakarta.activation-1.2.2.jar;C:\Users\Mati\.m2\repository\org\seleniumhq\selenium\selenium-safari-driver\4.0.0-beta-2\selenium-safari-driver-4.0.0-beta-2.jar;C:\Users\Mati\.m2\repository\org\seleniumhq\selenium\selenium-support\4.0.0-beta-2\selenium-support-4.0.0-beta-2.jar;C:\Users\Mati\.m2\repository\org\seleniumhq\selenium\selenium-server\4.0.0-alpha-2\selenium-server-4.0.0-alpha-2.jar;C:\Users\Mati\.m2\repository\org\seleniumhq\selenium\grid\4.0.0-alpha-2\grid-4.0.0-alpha-2.jar;C:\Users\Mati\.m2\repository\org\seleniumhq\selenium\selenium-edgehtml-driver\4.0.0-alpha-2\selenium-edgehtml-driver-4.0.0-alpha-2.jar;C:\Users\Mati\.m2\repository\org\seleniumhq\selenium\jetty-repacked\9.4.12.v20180830.1\jetty-repacked-9.4.12.v20180830.1.jar;C:\Users\Mati\.m2\repository\javax\servlet\javax.servlet-api\3.1.0\javax.servlet-api-3.1.0.jar;C:\Users\Mati\.m2\repository\org\zeromq\jeromq\0.5.1\jeromq-0.5.1.jar;C:\Users\Mati\.m2\repository\eu\neilalexander\jnacl\1.0.0\jnacl-1.0.0.jar;C:\Users\Mati\.m2\repository\net\jcip\jcip-annotations\1.0\jcip-annotations-1.0.jar;C:\Users\Mati\.m2\repository\com\googlecode\maven-download-plugin\download-maven-plugin\1.6.1\download-maven-plugin-1.6.1.jar;C:\Users\Mati\.m2\repository\org\apache\maven\maven-core\3.6.3\maven-core-3.6.3.jar;C:\Users\Mati\.m2\repository\org\apache\maven\maven-model\3.6.3\maven-model-3.6.3.jar;C:\Users\Mati\.m2\repository\org\apache\maven\maven-settings\3.6.3\maven-settings-3.6.3.jar;C:\Users\Mati\.m2\repository\org\apache\maven\maven-settings-builder\3.6.3\maven-settings-builder-3.6.3.jar;C:\Users\Mati\.m2\repository\org\codehaus\plexus\plexus-interpolation\1.25\plexus-interpolation-1.25.jar;C:\Users\Mati\.m2\repository\org\apache\maven\maven-builder-support\3.6.3\maven-builder-support-3.6.3.jar;C:\Users\Mati\.m2\repository\org\apache\maven\maven-repository-metadata\3.6.3\maven-repository-metadata-3.6.3.jar;C:\Users\Mati\.m2\repository\org\apache\maven\maven-model-builder\3.6.3\maven-model-builder-3.6.3.jar;C:\Users\Mati\.m2\repository\org\apache\maven\maven-resolver-provider\3.6.3\maven-resolver-provider-3.6.3.jar;C:\Users\Mati\.m2\repository\org\apache\maven\resolver\maven-resolver-impl\1.4.1\maven-resolver-impl-1.4.1.jar;C:\Users\Mati\.m2\repository\org\apache\maven\resolver\maven-resolver-api\1.4.1\maven-resolver-api-1.4.1.jar;C:\Users\Mati\.m2\repository\org\apache\maven\resolver\maven-resolver-spi\1.4.1\maven-resolver-spi-1.4.1.jar;C:\Users\Mati\.m2\repository\org\apache\maven\resolver\maven-resolver-util\1.4.1\maven-resolver-util-1.4.1.jar;C:\Users\Mati\.m2\repository\org\apache\maven\shared\maven-shared-utils\3.2.1\maven-shared-utils-3.2.1.jar;C:\Users\Mati\.m2\repository\commons-io\commons-io\2.5\commons-io-2.5.jar;C:\Users\Mati\.m2\repository\org\eclipse\sisu\org.eclipse.sisu.plexus\0.3.4\org.eclipse.sisu.plexus-0.3.4.jar;C:\Users\Mati\.m2\repository\javax\enterprise\cdi-api\1.0\cdi-api-1.0.jar;C:\Users\Mati\.m2\repository\javax\annotation\jsr250-api\1.0\jsr250-api-1.0.jar;C:\Users\Mati\.m2\repository\org\eclipse\sisu\org.eclipse.sisu.inject\0.3.4\org.eclipse.sisu.inject-0.3.4.jar;C:\Users\Mati\.m2\repository\org\codehaus\plexus\plexus-classworlds\2.6.0\plexus-classworlds-2.6.0.jar;C:\Users\Mati\.m2\repository\org\codehaus\plexus\plexus-component-annotations\2.1.0\plexus-component-annotations-2.1.0.jar;C:\Users\Mati\.m2\repository\org\apache\commons\commons-lang3\3.8.1\commons-lang3-3.8.1.jar;C:\Users\Mati\.m2\repository\org\apache\maven\maven-plugin-api\2.0\maven-plugin-api-2.0.jar;C:\Users\Mati\.m2\repository\org\apache\maven\maven-artifact\2.0\maven-artifact-2.0.jar;C:\Users\Mati\.m2\repository\org\apache\maven\maven-project\2.0\maven-project-2.0.jar;C:\Users\Mati\.m2\repository\org\apache\maven\maven-profile\2.0\maven-profile-2.0.jar;C:\Users\Mati\.m2\repository\org\apache\maven\maven-artifact-manager\2.0\maven-artifact-manager-2.0.jar;C:\Users\Mati\.m2\repository\org\codehaus\plexus\plexus-container-default\1.0-alpha-8\plexus-container-default-1.0-alpha-8.jar;C:\Users\Mati\.m2\repository\classworlds\classworlds\1.1-alpha-2\classworlds-1.1-alpha-2.jar;C:\Users\Mati\.m2\repository\org\apache\httpcomponents\httpclient\4.5.6\httpclient-4.5.6.jar;C:\Users\Mati\.m2\repository\org\apache\httpcomponents\httpcore\4.4.10\httpcore-4.4.10.jar;C:\Users\Mati\.m2\repository\commons-logging\commons-logging\1.2\commons-logging-1.2.jar;C:\Users\Mati\.m2\repository\commons-codec\commons-codec\1.10\commons-codec-1.10.jar;C:\Users\Mati\.m2\repository\org\codehaus\plexus\plexus-archiver\4.2.2\plexus-archiver-4.2.2.jar;C:\Users\Mati\.m2\repository\org\codehaus\plexus\plexus-io\3.2.0\plexus-io-3.2.0.jar;C:\Users\Mati\.m2\repository\org\apache\commons\commons-compress\1.20\commons-compress-1.20.jar;C:\Users\Mati\.m2\repository\org\iq80\snappy\snappy\0.4\snappy-0.4.jar;C:\Users\Mati\.m2\repository\org\tukaani\xz\1.8\xz-1.8.jar;C:\Users\Mati\.m2\repository\org\codehaus\plexus\plexus-utils\3.1.0\plexus-utils-3.1.0.jar;C:\Users\Mati\.m2\repository\org\apache\maven\wagon\wagon-provider-api\2.12\wagon-provider-api-2.12.jar;C:\Users\Mati\.m2\repository\org\sonatype\plexus\plexus-sec-dispatcher\1.4\plexus-sec-dispatcher-1.4.jar;C:\Users\Mati\.m2\repository\org\sonatype\plexus\plexus-cipher\1.4\plexus-cipher-1.4.jar;C:\Users\Mati\.m2\repository\org\sonatype\plexus\plexus-build-api\0.0.7\plexus-build-api-0.0.7.jar;C:\Users\Mati\.m2\repository\com\google\guava\guava\30.1-jre\guava-30.1-jre.jar;C:\Users\Mati\.m2\repository\com\google\guava\failureaccess\1.0.1\failureaccess-1.0.1.jar;C:\Users\Mati\.m2\repository\com\google\guava\listenablefuture\9999.0-empty-to-avoid-conflict-with-guava\listenablefuture-9999.0-empty-to-avoid-conflict-with-guava.jar;C:\Users\Mati\.m2\repository\com\google\code\findbugs\jsr305\3.0.2\jsr305-3.0.2.jar;C:\Users\Mati\.m2\repository\org\checkerframework\checker-qual\3.5.0\checker-qual-3.5.0.jar;C:\Users\Mati\.m2\repository\com\google\errorprone\error_prone_annotations\2.3.4\error_prone_annotations-2.3.4.jar;C:\Users\Mati\.m2\repository\com\google\j2objc\j2objc-annotations\1.3\j2objc-annotations-1.3.jar;C:\Users\Mati\.m2\repository\org\aspectj\aspectjweaver\1.9.6\aspectjweaver-1.9.6.jar;C:\Users\Mati\.m2\repository\io\qameta\allure\allure-testng\2.13.8\allure-testng-2.13.8.jar;C:\Users\Mati\.m2\repository\io\qameta\allure\allure-java-commons\2.13.8\allure-java-commons-2.13.8.jar;C:\Users\Mati\.m2\repository\io\qameta\allure\allure-model\2.13.8\allure-model-2.13.8.jar;C:\Users\Mati\.m2\repository\com\fasterxml\jackson\core\jackson-databind\2.11.3\jackson-databind-2.11.3.jar;C:\Users\Mati\.m2\repository\com\fasterxml\jackson\core\jackson-annotations\2.11.3\jackson-annotations-2.11.3.jar;C:\Users\Mati\.m2\repository\com\fasterxml\jackson\core\jackson-core\2.11.3\jackson-core-2.11.3.jar;C:\Users\Mati\.m2\repository\org\apache\tika\tika-core\1.24.1\tika-core-1.24.1.jar;C:\Users\Mati\.m2\repository\org\jooq\joor-java-8\0.9.13\joor-java-8-0.9.13.jar;C:\Users\Mati\.m2\repository\io\qameta\allure\allure-cucumber6-jvm\2.13.9\allure-cucumber6-jvm-2.13.9.jar;C:\Users\Mati\.m2\repository\io\cucumber\gherkin\18.0.0\gherkin-18.0.0.jar;C:\Users\Mati\.m2\repository\org\apache\logging\log4j\log4j-api\2.14.1\log4j-api-2.14.1.jar;C:\Users\Mati\.m2\repository\org\apache\logging\log4j\log4j-core\2.14.1\log4j-core-2.14.1.jar;"/>
    <property name="java.vm.vendor" value="Oracle Corporation"/>
    <property name="sun.arch.data.model" value="64"/>
    <property name="user.variant" value=""/>
    <property name="java.vendor.url" value="https://java.oracle.com/"/>
    <property name="user.timezone" value="Europe/Warsaw"/>
    <property name="test.data.folder" value="testdata/"/>
    <property name="os.name" value="Windows 10"/>
    <property name="java.vm.specification.version" value="15"/>
    <property name="sun.java.launcher" value="SUN_STANDARD"/>
    <property name="user.country" value="PL"/>
    <property name="sun.boot.library.path" value="C:\Program Files\Java\jdk-15.0.2\bin"/>
    <property name="sun.java.command" value="C:\Users\Mati\AppData\Local\Temp\surefire953656653405108615\surefirebooter9541955852542769612.jar C:\Users\Mati\AppData\Local\Temp\surefire953656653405108615 2021-04-27T17-00-18_302-jvmRun1 surefire7019145439376818277tmp surefire_09213033523802725616tmp"/>
    <property name="jdk.debug" value="release"/>
    <property name="surefire.test.class.path" value="C:\Users\Mati\Desktop\GitLab\Raghaav\TestAutomationPracticeCucumber\target\test-classes;C:\Users\Mati\Desktop\GitLab\Raghaav\TestAutomationPracticeCucumber\target\classes;C:\Users\Mati\.m2\repository\org\testng\testng\7.3.0\testng-7.3.0.jar;C:\Users\Mati\.m2\repository\com\beust\jcommander\1.78\jcommander-1.78.jar;C:\Users\Mati\.m2\repository\org\apache\ant\ant\1.10.3\ant-1.10.3.jar;C:\Users\Mati\.m2\repository\org\apache\ant\ant-launcher\1.10.3\ant-launcher-1.10.3.jar;C:\Users\Mati\.m2\repository\junit\junit\4.12\junit-4.12.jar;C:\Users\Mati\.m2\repository\org\hamcrest\hamcrest-core\1.3\hamcrest-core-1.3.jar;C:\Users\Mati\.m2\repository\com\google\inject\guice\4.2.2\guice-4.2.2-no_aop.jar;C:\Users\Mati\.m2\repository\javax\inject\javax.inject\1\javax.inject-1.jar;C:\Users\Mati\.m2\repository\aopalliance\aopalliance\1.0\aopalliance-1.0.jar;C:\Users\Mati\.m2\repository\org\yaml\snakeyaml\1.21\snakeyaml-1.21.jar;C:\Users\Mati\.m2\repository\io\cucumber\cucumber-java\6.10.3\cucumber-java-6.10.3.jar;C:\Users\Mati\.m2\repository\io\cucumber\cucumber-core\6.10.3\cucumber-core-6.10.3.jar;C:\Users\Mati\.m2\repository\io\cucumber\cucumber-gherkin\6.10.3\cucumber-gherkin-6.10.3.jar;C:\Users\Mati\.m2\repository\io\cucumber\cucumber-gherkin-messages\6.10.3\cucumber-gherkin-messages-6.10.3.jar;C:\Users\Mati\.m2\repository\io\cucumber\messages\15.0.0\messages-15.0.0.jar;C:\Users\Mati\.m2\repository\io\cucumber\tag-expressions\3.0.1\tag-expressions-3.0.1.jar;C:\Users\Mati\.m2\repository\io\cucumber\cucumber-expressions\10.3.0\cucumber-expressions-10.3.0.jar;C:\Users\Mati\.m2\repository\io\cucumber\datatable\3.5.0\datatable-3.5.0.jar;C:\Users\Mati\.m2\repository\io\cucumber\cucumber-plugin\6.10.3\cucumber-plugin-6.10.3.jar;C:\Users\Mati\.m2\repository\io\cucumber\docstring\6.10.3\docstring-6.10.3.jar;C:\Users\Mati\.m2\repository\io\cucumber\html-formatter\13.0.0\html-formatter-13.0.0.jar;C:\Users\Mati\.m2\repository\io\cucumber\create-meta\4.0.0\create-meta-4.0.0.jar;C:\Users\Mati\.m2\repository\org\apiguardian\apiguardian-api\1.1.1\apiguardian-api-1.1.1.jar;C:\Users\Mati\.m2\repository\io\cucumber\cucumber-testng\6.10.3\cucumber-testng-6.10.3.jar;C:\Users\Mati\.m2\repository\org\slf4j\slf4j-nop\2.0.0-alpha1\slf4j-nop-2.0.0-alpha1.jar;C:\Users\Mati\.m2\repository\org\slf4j\slf4j-api\2.0.0-alpha1\slf4j-api-2.0.0-alpha1.jar;C:\Users\Mati\.m2\repository\org\seleniumhq\selenium\selenium-java\4.0.0-beta-2\selenium-java-4.0.0-beta-2.jar;C:\Users\Mati\.m2\repository\org\seleniumhq\selenium\selenium-api\4.0.0-beta-2\selenium-api-4.0.0-beta-2.jar;C:\Users\Mati\.m2\repository\org\seleniumhq\selenium\selenium-chrome-driver\4.0.0-beta-2\selenium-chrome-driver-4.0.0-beta-2.jar;C:\Users\Mati\.m2\repository\com\google\auto\service\auto-service-annotations\1.0-rc7\auto-service-annotations-1.0-rc7.jar;C:\Users\Mati\.m2\repository\com\google\auto\service\auto-service\1.0-rc7\auto-service-1.0-rc7.jar;C:\Users\Mati\.m2\repository\com\google\auto\auto-common\0.10\auto-common-0.10.jar;C:\Users\Mati\.m2\repository\org\seleniumhq\selenium\selenium-chromium-driver\4.0.0-beta-2\selenium-chromium-driver-4.0.0-beta-2.jar;C:\Users\Mati\.m2\repository\org\seleniumhq\selenium\selenium-devtools\4.0.0-beta-2\selenium-devtools-4.0.0-beta-2.jar;C:\Users\Mati\.m2\repository\org\seleniumhq\selenium\selenium-http\4.0.0-beta-2\selenium-http-4.0.0-beta-2.jar;C:\Users\Mati\.m2\repository\org\seleniumhq\selenium\selenium-json\4.0.0-beta-2\selenium-json-4.0.0-beta-2.jar;C:\Users\Mati\.m2\repository\org\seleniumhq\selenium\selenium-devtools-v85\4.0.0-beta-2\selenium-devtools-v85-4.0.0-beta-2.jar;C:\Users\Mati\.m2\repository\org\seleniumhq\selenium\selenium-devtools-v86\4.0.0-beta-2\selenium-devtools-v86-4.0.0-beta-2.jar;C:\Users\Mati\.m2\repository\org\seleniumhq\selenium\selenium-devtools-v87\4.0.0-beta-2\selenium-devtools-v87-4.0.0-beta-2.jar;C:\Users\Mati\.m2\repository\org\seleniumhq\selenium\selenium-devtools-v88\4.0.0-beta-2\selenium-devtools-v88-4.0.0-beta-2.jar;C:\Users\Mati\.m2\repository\org\seleniumhq\selenium\selenium-devtools-v89\4.0.0-beta-2\selenium-devtools-v89-4.0.0-beta-2.jar;C:\Users\Mati\.m2\repository\org\seleniumhq\selenium\selenium-edge-driver\4.0.0-beta-2\selenium-edge-driver-4.0.0-beta-2.jar;C:\Users\Mati\.m2\repository\org\seleniumhq\selenium\selenium-firefox-driver\4.0.0-beta-2\selenium-firefox-driver-4.0.0-beta-2.jar;C:\Users\Mati\.m2\repository\org\seleniumhq\selenium\selenium-firefox-xpi-driver\4.0.0-beta-2\selenium-firefox-xpi-driver-4.0.0-beta-2.jar;C:\Users\Mati\.m2\repository\org\seleniumhq\selenium\selenium-ie-driver\4.0.0-beta-2\selenium-ie-driver-4.0.0-beta-2.jar;C:\Users\Mati\.m2\repository\org\seleniumhq\selenium\selenium-opera-driver\4.0.0-beta-2\selenium-opera-driver-4.0.0-beta-2.jar;C:\Users\Mati\.m2\repository\org\seleniumhq\selenium\selenium-remote-driver\4.0.0-beta-2\selenium-remote-driver-4.0.0-beta-2.jar;C:\Users\Mati\.m2\repository\io\netty\netty-buffer\4.1.58.Final\netty-buffer-4.1.58.Final.jar;C:\Users\Mati\.m2\repository\io\netty\netty-codec-http\4.1.58.Final\netty-codec-http-4.1.58.Final.jar;C:\Users\Mati\.m2\repository\io\netty\netty-codec\4.1.58.Final\netty-codec-4.1.58.Final.jar;C:\Users\Mati\.m2\repository\io\netty\netty-handler\4.1.58.Final\netty-handler-4.1.58.Final.jar;C:\Users\Mati\.m2\repository\io\netty\netty-common\4.1.58.Final\netty-common-4.1.58.Final.jar;C:\Users\Mati\.m2\repository\io\netty\netty-transport-native-epoll\4.1.58.Final\netty-transport-native-epoll-4.1.58.Final.jar;C:\Users\Mati\.m2\repository\io\netty\netty-transport-native-kqueue\4.1.58.Final\netty-transport-native-kqueue-4.1.58.Final.jar;C:\Users\Mati\.m2\repository\io\netty\netty-transport-native-unix-common\4.1.58.Final\netty-transport-native-unix-common-4.1.58.Final.jar;C:\Users\Mati\.m2\repository\io\netty\netty-transport\4.1.58.Final\netty-transport-4.1.58.Final.jar;C:\Users\Mati\.m2\repository\io\netty\netty-resolver\4.1.58.Final\netty-resolver-4.1.58.Final.jar;C:\Users\Mati\.m2\repository\io\opentelemetry\opentelemetry-api\1.0.0\opentelemetry-api-1.0.0.jar;C:\Users\Mati\.m2\repository\io\opentelemetry\opentelemetry-context\1.0.0\opentelemetry-context-1.0.0.jar;C:\Users\Mati\.m2\repository\io\opentelemetry\opentelemetry-exporter-logging\1.0.0\opentelemetry-exporter-logging-1.0.0.jar;C:\Users\Mati\.m2\repository\io\opentelemetry\opentelemetry-sdk-metrics\1.0.0-alpha\opentelemetry-sdk-metrics-1.0.0-alpha.jar;C:\Users\Mati\.m2\repository\io\opentelemetry\opentelemetry-sdk-common\1.0.0\opentelemetry-sdk-common-1.0.0.jar;C:\Users\Mati\.m2\repository\io\opentelemetry\opentelemetry-sdk-extension-autoconfigure\1.0.0-alpha\opentelemetry-sdk-extension-autoconfigure-1.0.0-alpha.jar;C:\Users\Mati\.m2\repository\io\opentelemetry\opentelemetry-sdk-trace\1.0.0\opentelemetry-sdk-trace-1.0.0.jar;C:\Users\Mati\.m2\repository\io\opentelemetry\opentelemetry-api-metrics\1.0.0-alpha\opentelemetry-api-metrics-1.0.0-alpha.jar;C:\Users\Mati\.m2\repository\io\opentelemetry\opentelemetry-sdk\1.0.0\opentelemetry-sdk-1.0.0.jar;C:\Users\Mati\.m2\repository\io\opentelemetry\opentelemetry-semconv\1.0.0-alpha\opentelemetry-semconv-1.0.0-alpha.jar;C:\Users\Mati\.m2\repository\net\bytebuddy\byte-buddy\1.10.19\byte-buddy-1.10.19.jar;C:\Users\Mati\.m2\repository\org\apache\commons\commons-exec\1.3\commons-exec-1.3.jar;C:\Users\Mati\.m2\repository\org\asynchttpclient\async-http-client\2.12.2\async-http-client-2.12.2.jar;C:\Users\Mati\.m2\repository\org\asynchttpclient\async-http-client-netty-utils\2.12.2\async-http-client-netty-utils-2.12.2.jar;C:\Users\Mati\.m2\repository\io\netty\netty-codec-socks\4.1.53.Final\netty-codec-socks-4.1.53.Final.jar;C:\Users\Mati\.m2\repository\io\netty\netty-handler-proxy\4.1.53.Final\netty-handler-proxy-4.1.53.Final.jar;C:\Users\Mati\.m2\repository\io\netty\netty-transport-native-epoll\4.1.53.Final\netty-transport-native-epoll-4.1.53.Final-linux-x86_64.jar;C:\Users\Mati\.m2\repository\io\netty\netty-transport-native-kqueue\4.1.53.Final\netty-transport-native-kqueue-4.1.53.Final-osx-x86_64.jar;C:\Users\Mati\.m2\repository\org\reactivestreams\reactive-streams\1.0.3\reactive-streams-1.0.3.jar;C:\Users\Mati\.m2\repository\com\typesafe\netty\netty-reactive-streams\2.0.4\netty-reactive-streams-2.0.4.jar;C:\Users\Mati\.m2\repository\com\sun\activation\jakarta.activation\1.2.2\jakarta.activation-1.2.2.jar;C:\Users\Mati\.m2\repository\org\seleniumhq\selenium\selenium-safari-driver\4.0.0-beta-2\selenium-safari-driver-4.0.0-beta-2.jar;C:\Users\Mati\.m2\repository\org\seleniumhq\selenium\selenium-support\4.0.0-beta-2\selenium-support-4.0.0-beta-2.jar;C:\Users\Mati\.m2\repository\org\seleniumhq\selenium\selenium-server\4.0.0-alpha-2\selenium-server-4.0.0-alpha-2.jar;C:\Users\Mati\.m2\repository\org\seleniumhq\selenium\grid\4.0.0-alpha-2\grid-4.0.0-alpha-2.jar;C:\Users\Mati\.m2\repository\org\seleniumhq\selenium\selenium-edgehtml-driver\4.0.0-alpha-2\selenium-edgehtml-driver-4.0.0-alpha-2.jar;C:\Users\Mati\.m2\repository\org\seleniumhq\selenium\jetty-repacked\9.4.12.v20180830.1\jetty-repacked-9.4.12.v20180830.1.jar;C:\Users\Mati\.m2\repository\javax\servlet\javax.servlet-api\3.1.0\javax.servlet-api-3.1.0.jar;C:\Users\Mati\.m2\repository\org\zeromq\jeromq\0.5.1\jeromq-0.5.1.jar;C:\Users\Mati\.m2\repository\eu\neilalexander\jnacl\1.0.0\jnacl-1.0.0.jar;C:\Users\Mati\.m2\repository\net\jcip\jcip-annotations\1.0\jcip-annotations-1.0.jar;C:\Users\Mati\.m2\repository\com\googlecode\maven-download-plugin\download-maven-plugin\1.6.1\download-maven-plugin-1.6.1.jar;C:\Users\Mati\.m2\repository\org\apache\maven\maven-core\3.6.3\maven-core-3.6.3.jar;C:\Users\Mati\.m2\repository\org\apache\maven\maven-model\3.6.3\maven-model-3.6.3.jar;C:\Users\Mati\.m2\repository\org\apache\maven\maven-settings\3.6.3\maven-settings-3.6.3.jar;C:\Users\Mati\.m2\repository\org\apache\maven\maven-settings-builder\3.6.3\maven-settings-builder-3.6.3.jar;C:\Users\Mati\.m2\repository\org\codehaus\plexus\plexus-interpolation\1.25\plexus-interpolation-1.25.jar;C:\Users\Mati\.m2\repository\org\apache\maven\maven-builder-support\3.6.3\maven-builder-support-3.6.3.jar;C:\Users\Mati\.m2\repository\org\apache\maven\maven-repository-metadata\3.6.3\maven-repository-metadata-3.6.3.jar;C:\Users\Mati\.m2\repository\org\apache\maven\maven-model-builder\3.6.3\maven-model-builder-3.6.3.jar;C:\Users\Mati\.m2\repository\org\apache\maven\maven-resolver-provider\3.6.3\maven-resolver-provider-3.6.3.jar;C:\Users\Mati\.m2\repository\org\apache\maven\resolver\maven-resolver-impl\1.4.1\maven-resolver-impl-1.4.1.jar;C:\Users\Mati\.m2\repository\org\apache\maven\resolver\maven-resolver-api\1.4.1\maven-resolver-api-1.4.1.jar;C:\Users\Mati\.m2\repository\org\apache\maven\resolver\maven-resolver-spi\1.4.1\maven-resolver-spi-1.4.1.jar;C:\Users\Mati\.m2\repository\org\apache\maven\resolver\maven-resolver-util\1.4.1\maven-resolver-util-1.4.1.jar;C:\Users\Mati\.m2\repository\org\apache\maven\shared\maven-shared-utils\3.2.1\maven-shared-utils-3.2.1.jar;C:\Users\Mati\.m2\repository\commons-io\commons-io\2.5\commons-io-2.5.jar;C:\Users\Mati\.m2\repository\org\eclipse\sisu\org.eclipse.sisu.plexus\0.3.4\org.eclipse.sisu.plexus-0.3.4.jar;C:\Users\Mati\.m2\repository\javax\enterprise\cdi-api\1.0\cdi-api-1.0.jar;C:\Users\Mati\.m2\repository\javax\annotation\jsr250-api\1.0\jsr250-api-1.0.jar;C:\Users\Mati\.m2\repository\org\eclipse\sisu\org.eclipse.sisu.inject\0.3.4\org.eclipse.sisu.inject-0.3.4.jar;C:\Users\Mati\.m2\repository\org\codehaus\plexus\plexus-classworlds\2.6.0\plexus-classworlds-2.6.0.jar;C:\Users\Mati\.m2\repository\org\codehaus\plexus\plexus-component-annotations\2.1.0\plexus-component-annotations-2.1.0.jar;C:\Users\Mati\.m2\repository\org\apache\commons\commons-lang3\3.8.1\commons-lang3-3.8.1.jar;C:\Users\Mati\.m2\repository\org\apache\maven\maven-plugin-api\2.0\maven-plugin-api-2.0.jar;C:\Users\Mati\.m2\repository\org\apache\maven\maven-artifact\2.0\maven-artifact-2.0.jar;C:\Users\Mati\.m2\repository\org\apache\maven\maven-project\2.0\maven-project-2.0.jar;C:\Users\Mati\.m2\repository\org\apache\maven\maven-profile\2.0\maven-profile-2.0.jar;C:\Users\Mati\.m2\repository\org\apache\maven\maven-artifact-manager\2.0\maven-artifact-manager-2.0.jar;C:\Users\Mati\.m2\repository\org\codehaus\plexus\plexus-container-default\1.0-alpha-8\plexus-container-default-1.0-alpha-8.jar;C:\Users\Mati\.m2\repository\classworlds\classworlds\1.1-alpha-2\classworlds-1.1-alpha-2.jar;C:\Users\Mati\.m2\repository\org\apache\httpcomponents\httpclient\4.5.6\httpclient-4.5.6.jar;C:\Users\Mati\.m2\repository\org\apache\httpcomponents\httpcore\4.4.10\httpcore-4.4.10.jar;C:\Users\Mati\.m2\repository\commons-logging\commons-logging\1.2\commons-logging-1.2.jar;C:\Users\Mati\.m2\repository\commons-codec\commons-codec\1.10\commons-codec-1.10.jar;C:\Users\Mati\.m2\repository\org\codehaus\plexus\plexus-archiver\4.2.2\plexus-archiver-4.2.2.jar;C:\Users\Mati\.m2\repository\org\codehaus\plexus\plexus-io\3.2.0\plexus-io-3.2.0.jar;C:\Users\Mati\.m2\repository\org\apache\commons\commons-compress\1.20\commons-compress-1.20.jar;C:\Users\Mati\.m2\repository\org\iq80\snappy\snappy\0.4\snappy-0.4.jar;C:\Users\Mati\.m2\repository\org\tukaani\xz\1.8\xz-1.8.jar;C:\Users\Mati\.m2\repository\org\codehaus\plexus\plexus-utils\3.1.0\plexus-utils-3.1.0.jar;C:\Users\Mati\.m2\repository\org\apache\maven\wagon\wagon-provider-api\2.12\wagon-provider-api-2.12.jar;C:\Users\Mati\.m2\repository\org\sonatype\plexus\plexus-sec-dispatcher\1.4\plexus-sec-dispatcher-1.4.jar;C:\Users\Mati\.m2\repository\org\sonatype\plexus\plexus-cipher\1.4\plexus-cipher-1.4.jar;C:\Users\Mati\.m2\repository\org\sonatype\plexus\plexus-build-api\0.0.7\plexus-build-api-0.0.7.jar;C:\Users\Mati\.m2\repository\com\google\guava\guava\30.1-jre\guava-30.1-jre.jar;C:\Users\Mati\.m2\repository\com\google\guava\failureaccess\1.0.1\failureaccess-1.0.1.jar;C:\Users\Mati\.m2\repository\com\google\guava\listenablefuture\9999.0-empty-to-avoid-conflict-with-guava\listenablefuture-9999.0-empty-to-avoid-conflict-with-guava.jar;C:\Users\Mati\.m2\repository\com\google\code\findbugs\jsr305\3.0.2\jsr305-3.0.2.jar;C:\Users\Mati\.m2\repository\org\checkerframework\checker-qual\3.5.0\checker-qual-3.5.0.jar;C:\Users\Mati\.m2\repository\com\google\errorprone\error_prone_annotations\2.3.4\error_prone_annotations-2.3.4.jar;C:\Users\Mati\.m2\repository\com\google\j2objc\j2objc-annotations\1.3\j2objc-annotations-1.3.jar;C:\Users\Mati\.m2\repository\org\aspectj\aspectjweaver\1.9.6\aspectjweaver-1.9.6.jar;C:\Users\Mati\.m2\repository\io\qameta\allure\allure-testng\2.13.8\allure-testng-2.13.8.jar;C:\Users\Mati\.m2\repository\io\qameta\allure\allure-java-commons\2.13.8\allure-java-commons-2.13.8.jar;C:\Users\Mati\.m2\repository\io\qameta\allure\allure-model\2.13.8\allure-model-2.13.8.jar;C:\Users\Mati\.m2\repository\com\fasterxml\jackson\core\jackson-databind\2.11.3\jackson-databind-2.11.3.jar;C:\Users\Mati\.m2\repository\com\fasterxml\jackson\core\jackson-annotations\2.11.3\jackson-annotations-2.11.3.jar;C:\Users\Mati\.m2\repository\com\fasterxml\jackson\core\jackson-core\2.11.3\jackson-core-2.11.3.jar;C:\Users\Mati\.m2\repository\org\apache\tika\tika-core\1.24.1\tika-core-1.24.1.jar;C:\Users\Mati\.m2\repository\org\jooq\joor-java-8\0.9.13\joor-java-8-0.9.13.jar;C:\Users\Mati\.m2\repository\io\qameta\allure\allure-cucumber6-jvm\2.13.9\allure-cucumber6-jvm-2.13.9.jar;C:\Users\Mati\.m2\repository\io\cucumber\gherkin\18.0.0\gherkin-18.0.0.jar;C:\Users\Mati\.m2\repository\org\apache\logging\log4j\log4j-api\2.14.1\log4j-api-2.14.1.jar;C:\Users\Mati\.m2\repository\org\apache\logging\log4j\log4j-core\2.14.1\log4j-core-2.14.1.jar;"/>
    <property name="sun.cpu.endian" value="little"/>
    <property name="allure.results.directory" value="C:\Users\Mati\Desktop\GitLab\Raghaav\TestAutomationPracticeCucumber/target/allure-results"/>
    <property name="user.home" value="C:\Users\Mati"/>
    <property name="user.language" value="pl"/>
    <property name="java.specification.vendor" value="Oracle Corporation"/>
    <property name="driver.path" value="drivers/"/>
    <property name="java.version.date" value="2021-01-19"/>
    <property name="java.home" value="C:\Program Files\Java\jdk-15.0.2"/>
    <property name="file.separator" value="\"/>
    <property name="basedir" value="C:\Users\Mati\Desktop\GitLab\Raghaav\TestAutomationPracticeCucumber"/>
    <property name="java.vm.compressedOopsMode" value="32-bit"/>
    <property name="line.separator" value="&#10;"/>
    <property name="java.vm.specification.vendor" value="Oracle Corporation"/>
    <property name="java.specification.name" value="Java Platform API Specification"/>
    <property name="surefire.real.class.path" value="C:\Users\Mati\AppData\Local\Temp\surefire953656653405108615\surefirebooter9541955852542769612.jar"/>
    <property name="user.script" value=""/>
    <property name="sun.management.compiler" value="HotSpot 64-Bit Tiered Compilers"/>
    <property name="selenium.grid.url" value="http://192.168.1.4:4444"/>
    <property name="cucumber.plugin" value="io.qameta.allure.cucumber6jvm.AllureCucumber6Jvm"/>
    <property name="java.runtime.version" value="15.0.2+7-27"/>
    <property name="user.name" value="Mati"/>
    <property name="path.separator" value=";"/>
    <property name="os.version" value="10.0"/>
    <property name="java.runtime.name" value="Java(TM) SE Runtime Environment"/>
    <property name="file.encoding" value="Cp1250"/>
    <property name="sun.nio.ch.bugLevel" value=""/>
    <property name="java.vm.name" value="Java HotSpot(TM) 64-Bit Server VM"/>
    <property name="localRepository" value="C:\Users\Mati\.m2\repository"/>
    <property name="java.vendor.url.bug" value="https://bugreport.java.com/bugreport/"/>
    <property name="java.io.tmpdir" value="C:\Users\Mati\AppData\Local\Temp\"/>
    <property name="java.version" value="15.0.2"/>
    <property name="user.dir" value="C:\Users\Mati\Desktop\GitLab\Raghaav\TestAutomationPracticeCucumber"/>
    <property name="os.arch" value="amd64"/>
    <property name="java.vm.specification.name" value="Java Virtual Machine Specification"/>
    <property name="sun.os.patch.level" value=""/>
    <property name="java.library.path" value="C:\Program Files\Java\jdk-15.0.2\bin;C:\Windows\Sun\Java\bin;C:\Windows\system32;C:\Windows;C:\Program Files\Java\jdk-15.0.2\bin;C:\WINDOWS\system32;C:\WINDOWS;C:\WINDOWS\System32\Wbem;C:\WINDOWS\System32\WindowsPowerShell\v1.0\;C:\Program Files\Intel\WiFi\bin\;C:\Program Files\Common Files\Intel\WirelessCommon\;C:\WINDOWS\System32\OpenSSH\;C:\Program Files (x86)\NoteBook FanControl\;C:\Program Files (x86)\Brackets\command;C:\Program Files\Git\cmd;C:\Program Files\nodejs\;C:\Program Files\MySQL\MySQL Shell 8.0\bin\;C:\Users\Mati\AppData\Local\Microsoft\WindowsApps;C:\Program Files\Java\jdk-11\bin;C:\flutter\bin;C:\Users\Mati\AppData\Local\Programs\Microsoft VS Code\bin;%ANDROID_HOME%\tools;%ANDROID_HOME%\platform-tools;C:\Users\Mati\AppData\Roaming\npm;C:\Program Files\apache-maven-3.8.1\bin;C:\Program Files\MySQL\MySQL Shell 8.0\bin\;C:\Users\Mati\AppData\Local\Microsoft\WindowsApps;C:\Program Files\Java\jdk-11\bin;C:\flutter\bin;C:\Users\Mati\AppData\Local\Programs\Microsoft VS Code\bin;%ANDROID_HOME%\tools;%ANDROID_HOME%\platform-tools;C:\Users\Mati\AppData\Roaming\npm;;."/>
    <property name="java.vm.info" value="mixed mode, sharing"/>
    <property name="java.vendor" value="Oracle Corporation"/>
    <property name="java.vm.version" value="15.0.2+7-27"/>
    <property name="sun.io.unicode.encoding" value="UnicodeLittle"/>
    <property name="java.class.version" value="59.0"/>
  </properties>
  <testcase name="runScenario[&quot;Validate save searched product&quot;, &quot;Optional[Save the product]&quot;](1)" classname="cucumber.CucumberRunner" time="28.001">
    <system-err><![CDATA[Starting ChromeDriver 89.0.4389.23 (61b08ee2c50024bab004e48d2b1b083cdbdac579-refs/branch-heads/4389@{#294}) on port 20357
Only local connections are allowed.
Please see https://chromedriver.chromium.org/security-considerations for suggestions on keeping ChromeDriver safe.
ChromeDriver was started successfully.
kwi 27, 2021 5:00:31 PM org.openqa.selenium.remote.ProtocolHandshake createSession
INFO: Detected dialect: W3C
kwi 27, 2021 5:00:31 PM org.openqa.selenium.devtools.CdpVersionFinder findNearestMatch
INFO: Found exact CDP implementation for version 89
]]></system-err>
  </testcase>
  <testcase name="runScenario[&quot;Validate delete product from saved&quot;, &quot;Optional[Save the product]&quot;](2)" classname="cucumber.CucumberRunner" time="25.922">
    <failure message="Element must be set" type="java.lang.IllegalArgumentException"><![CDATA[java.lang.IllegalArgumentException: Element must be set
]]></failure>
    <system-out><![CDATA[Element was not loaded!
]]></system-out>
    <system-err><![CDATA[Starting ChromeDriver 89.0.4389.23 (61b08ee2c50024bab004e48d2b1b083cdbdac579-refs/branch-heads/4389@{#294}) on port 19906
Only local connections are allowed.
Please see https://chromedriver.chromium.org/security-considerations for suggestions on keeping ChromeDriver safe.
ChromeDriver was started successfully.
kwi 27, 2021 5:00:53 PM org.openqa.selenium.remote.ProtocolHandshake createSession
INFO: Detected dialect: W3C
kwi 27, 2021 5:00:53 PM org.openqa.selenium.devtools.CdpVersionFinder findNearestMatch
INFO: Found exact CDP implementation for version 89
]]></system-err>
  </testcase>
  <testcase name="runScenario[&quot;Validate searching the product&quot;, &quot;Optional[Search for product]&quot;](3)" classname="cucumber.CucumberRunner" time="12.97">
    <system-err><![CDATA[Starting ChromeDriver 89.0.4389.23 (61b08ee2c50024bab004e48d2b1b083cdbdac579-refs/branch-heads/4389@{#294}) on port 3619
Only local connections are allowed.
Please see https://chromedriver.chromium.org/security-considerations for suggestions on keeping ChromeDriver safe.
ChromeDriver was started successfully.
kwi 27, 2021 5:01:19 PM org.openqa.selenium.remote.ProtocolHandshake createSession
INFO: Detected dialect: W3C
kwi 27, 2021 5:01:19 PM org.openqa.selenium.devtools.CdpVersionFinder findNearestMatch
INFO: Found exact CDP implementation for version 89
]]></system-err>
  </testcase>
  <testcase name="runScenario[&quot;Validate searching special sign&quot;, &quot;Optional[Search for product]&quot;](4)" classname="cucumber.CucumberRunner" time="13.087">
    <system-err><![CDATA[Starting ChromeDriver 89.0.4389.23 (61b08ee2c50024bab004e48d2b1b083cdbdac579-refs/branch-heads/4389@{#294}) on port 39978
Only local connections are allowed.
Please see https://chromedriver.chromium.org/security-considerations for suggestions on keeping ChromeDriver safe.
ChromeDriver was started successfully.
kwi 27, 2021 5:01:32 PM org.openqa.selenium.remote.ProtocolHandshake createSession
INFO: Detected dialect: W3C
kwi 27, 2021 5:01:32 PM org.openqa.selenium.devtools.CdpVersionFinder findNearestMatch
INFO: Found exact CDP implementation for version 89
]]></system-err>
  </testcase>
  <testcase name="runScenario[&quot;Validate searching the product using category pages&quot;, &quot;Optional[Search for product]&quot;](5)" classname="cucumber.CucumberRunner" time="15.493">
    <system-err><![CDATA[Starting ChromeDriver 89.0.4389.23 (61b08ee2c50024bab004e48d2b1b083cdbdac579-refs/branch-heads/4389@{#294}) on port 4092
Only local connections are allowed.
Please see https://chromedriver.chromium.org/security-considerations for suggestions on keeping ChromeDriver safe.
ChromeDriver was started successfully.
kwi 27, 2021 5:01:45 PM org.openqa.selenium.remote.ProtocolHandshake createSession
INFO: Detected dialect: W3C
kwi 27, 2021 5:01:45 PM org.openqa.selenium.devtools.CdpVersionFinder findNearestMatch
INFO: Found exact CDP implementation for version 89
]]></system-err>
  </testcase>
  <testcase name="runScenario[&quot;Try to sign in with empty form&quot;, &quot;Optional[Sign In to User&apos;s account]&quot;](6)" classname="cucumber.CucumberRunner" time="17.343">
    <system-err><![CDATA[Starting ChromeDriver 89.0.4389.23 (61b08ee2c50024bab004e48d2b1b083cdbdac579-refs/branch-heads/4389@{#294}) on port 12793
Only local connections are allowed.
Please see https://chromedriver.chromium.org/security-considerations for suggestions on keeping ChromeDriver safe.
ChromeDriver was started successfully.
kwi 27, 2021 5:02:01 PM org.openqa.selenium.remote.ProtocolHandshake createSession
INFO: Detected dialect: W3C
kwi 27, 2021 5:02:01 PM org.openqa.selenium.devtools.CdpVersionFinder findNearestMatch
INFO: Found exact CDP implementation for version 89
]]></system-err>
  </testcase>
  <testcase name="runScenario[&quot;Validate go to the empty cart from main page&quot;, &quot;Optional[Cart status]&quot;](7)" classname="cucumber.CucumberRunner" time="18.561">
    <system-err><![CDATA[Starting ChromeDriver 89.0.4389.23 (61b08ee2c50024bab004e48d2b1b083cdbdac579-refs/branch-heads/4389@{#294}) on port 37638
Only local connections are allowed.
Please see https://chromedriver.chromium.org/security-considerations for suggestions on keeping ChromeDriver safe.
ChromeDriver was started successfully.
kwi 27, 2021 5:02:19 PM org.openqa.selenium.remote.ProtocolHandshake createSession
INFO: Detected dialect: W3C
kwi 27, 2021 5:02:19 PM org.openqa.selenium.devtools.CdpVersionFinder findNearestMatch
INFO: Found exact CDP implementation for version 89
]]></system-err>
  </testcase>
  <testcase name="runScenario[&quot;Validate cart status when product added to cart&quot;, &quot;Optional[Cart status]&quot;](8)" classname="cucumber.CucumberRunner" time="23.89">
    <system-err><![CDATA[Starting ChromeDriver 89.0.4389.23 (61b08ee2c50024bab004e48d2b1b083cdbdac579-refs/branch-heads/4389@{#294}) on port 40522
Only local connections are allowed.
Please see https://chromedriver.chromium.org/security-considerations for suggestions on keeping ChromeDriver safe.
ChromeDriver was started successfully.
kwi 27, 2021 5:02:37 PM org.openqa.selenium.remote.ProtocolHandshake createSession
INFO: Detected dialect: W3C
kwi 27, 2021 5:02:37 PM org.openqa.selenium.devtools.CdpVersionFinder findNearestMatch
INFO: Found exact CDP implementation for version 89
]]></system-err>
  </testcase>
</testsuite>